D, [2015-11-10T18:30:37.006708 #11109] DEBUG -- :   [1m[36m (135.5ms)[0m  [1mCREATE TABLE "schema_migrations" ("version" varchar NOT NULL) [0m
D, [2015-11-10T18:30:37.006886 #11109] DEBUG -- :   [1m[35m (0.0ms)[0m  select sqlite_version(*)
D, [2015-11-10T18:30:37.119161 #11109] DEBUG -- :   [1m[36m (112.0ms)[0m  [1mCREATE UNIQUE INDEX "unique_schema_migrations" ON "schema_migrations" ("version")[0m
D, [2015-11-10T18:31:05.210982 #11331] DEBUG -- :   [1m[36m (120.2ms)[0m  [1mCREATE TABLE "schema_migrations" ("version" varchar NOT NULL) [0m
D, [2015-11-10T18:31:05.211154 #11331] DEBUG -- :   [1m[35m (0.0ms)[0m  select sqlite_version(*)
D, [2015-11-10T18:31:05.345701 #11331] DEBUG -- :   [1m[36m (134.3ms)[0m  [1mCREATE UNIQUE INDEX "unique_schema_migrations" ON "schema_migrations" ("version")[0m
D, [2015-11-10T18:39:42.821446 #12431] DEBUG -- :   [1m[36mActiveRecord::SchemaMigration Load (0.1ms)[0m  [1mSELECT "schema_migrations".* FROM "schema_migrations"[0m
I, [2015-11-10T18:39:42.844907 #12431]  INFO -- : Migrating to CreateUsersTable (1)
D, [2015-11-10T18:40:54.671526 #12710] DEBUG -- :   [1m[36mActiveRecord::SchemaMigration Load (0.0ms)[0m  [1mSELECT "schema_migrations".* FROM "schema_migrations"[0m
I, [2015-11-10T18:40:54.673395 #12710]  INFO -- : Migrating to CreateUsersTable (1)
D, [2015-11-10T18:40:54.674035 #12710] DEBUG -- :   [1m[35m (0.0ms)[0m  begin transaction
D, [2015-11-10T18:40:54.674569 #12710] DEBUG -- :   [1m[36m (0.0ms)[0m  [1mrollback transaction[0m
D, [2015-11-10T18:41:10.055367 #12772] DEBUG -- :   [1m[36mActiveRecord::SchemaMigration Load (0.0ms)[0m  [1mSELECT "schema_migrations".* FROM "schema_migrations"[0m
I, [2015-11-10T18:41:10.057190 #12772]  INFO -- : Migrating to CreateUsersTable (1)
D, [2015-11-10T18:41:10.057825 #12772] DEBUG -- :   [1m[35m (0.0ms)[0m  begin transaction
D, [2015-11-10T18:41:10.058520 #12772] DEBUG -- :   [1m[36m (0.2ms)[0m  [1mCREATE TABLE "users" ("id" INTEGER PRIMARY KEY AUTOINCREMENT NOT NULL, "username" varchar) [0m
D, [2015-11-10T18:41:10.141714 #12772] DEBUG -- :   [1m[35mSQL (0.1ms)[0m  INSERT INTO "schema_migrations" ("version") VALUES (?)  [["version", "1"]]
D, [2015-11-10T18:41:10.274623 #12772] DEBUG -- :   [1m[36m (132.7ms)[0m  [1mcommit transaction[0m
D, [2015-11-10T18:43:01.519890 #12965] DEBUG -- :   [1m[36mActiveRecord::SchemaMigration Load (0.1ms)[0m  [1mSELECT "schema_migrations".* FROM "schema_migrations"[0m
I, [2015-11-10T18:43:01.522589 #12965]  INFO -- : Migrating to CreateAsksTable (2)
D, [2015-11-10T18:43:01.523231 #12965] DEBUG -- :   [1m[35m (0.0ms)[0m  begin transaction
D, [2015-11-10T18:43:01.523914 #12965] DEBUG -- :   [1m[36m (0.2ms)[0m  [1mCREATE TABLE "asks" ("id" INTEGER PRIMARY KEY AUTOINCREMENT NOT NULL, "text" text, "user_id" integer) [0m
D, [2015-11-10T18:43:01.526019 #12965] DEBUG -- :   [1m[35mSQL (0.1ms)[0m  INSERT INTO "schema_migrations" ("version") VALUES (?)  [["version", "2"]]
D, [2015-11-10T18:43:01.737128 #12965] DEBUG -- :   [1m[36m (210.9ms)[0m  [1mcommit transaction[0m
D, [2015-11-10T19:37:49.412677 #18139] DEBUG -- :   [1m[36mActiveRecord::SchemaMigration Load (0.0ms)[0m  [1mSELECT "schema_migrations".* FROM "schema_migrations"[0m
I, [2015-11-10T19:37:49.415330 #18139]  INFO -- : Migrating to AddSentimentToAsks (3)
D, [2015-11-10T19:37:49.415945 #18139] DEBUG -- :   [1m[35m (0.0ms)[0m  begin transaction
D, [2015-11-10T19:37:49.416320 #18139] DEBUG -- :   [1m[36m (0.2ms)[0m  [1mALTER TABLE "asks" ADD "sentiment" decimal[0m
D, [2015-11-10T19:37:49.418338 #18139] DEBUG -- :   [1m[35mSQL (0.1ms)[0m  INSERT INTO "schema_migrations" ("version") VALUES (?)  [["version", "3"]]
D, [2015-11-10T19:37:49.526223 #18139] DEBUG -- :   [1m[36m (107.7ms)[0m  [1mcommit transaction[0m
D, [2015-11-10T19:38:24.323793 #18401] DEBUG -- :   [1m[36m (123.1ms)[0m  [1mCREATE TABLE "schema_migrations" ("version" varchar NOT NULL) [0m
D, [2015-11-10T19:38:24.323964 #18401] DEBUG -- :   [1m[35m (0.0ms)[0m  select sqlite_version(*)
D, [2015-11-10T19:38:24.436293 #18401] DEBUG -- :   [1m[36m (112.1ms)[0m  [1mCREATE UNIQUE INDEX "unique_schema_migrations" ON "schema_migrations" ("version")[0m
D, [2015-11-10T19:38:24.436811 #18401] DEBUG -- :   [1m[35mActiveRecord::SchemaMigration Load (0.0ms)[0m  SELECT "schema_migrations".* FROM "schema_migrations"
I, [2015-11-10T19:38:24.438934 #18401]  INFO -- : Migrating to CreateUsersTable (1)
D, [2015-11-10T19:38:24.439583 #18401] DEBUG -- :   [1m[36m (0.0ms)[0m  [1mbegin transaction[0m
D, [2015-11-10T19:38:24.440228 #18401] DEBUG -- :   [1m[35m (0.2ms)[0m  CREATE TABLE "users" ("id" INTEGER PRIMARY KEY AUTOINCREMENT NOT NULL, "username" varchar) 
D, [2015-11-10T19:38:24.443216 #18401] DEBUG -- :   [1m[36mSQL (0.1ms)[0m  [1mINSERT INTO "schema_migrations" ("version") VALUES (?)[0m  [["version", "1"]]
D, [2015-11-10T19:38:24.560141 #18401] DEBUG -- :   [1m[35m (116.8ms)[0m  commit transaction
I, [2015-11-10T19:38:24.560200 #18401]  INFO -- : Migrating to CreateAsksTable (2)
D, [2015-11-10T19:38:24.561115 #18401] DEBUG -- :   [1m[36m (0.0ms)[0m  [1mbegin transaction[0m
D, [2015-11-10T19:38:24.561511 #18401] DEBUG -- :   [1m[35m (0.2ms)[0m  CREATE TABLE "asks" ("id" INTEGER PRIMARY KEY AUTOINCREMENT NOT NULL, "text" text, "user_id" integer) 
D, [2015-11-10T19:38:24.562022 #18401] DEBUG -- :   [1m[36mSQL (0.1ms)[0m  [1mINSERT INTO "schema_migrations" ("version") VALUES (?)[0m  [["version", "2"]]
D, [2015-11-10T19:38:24.672499 #18401] DEBUG -- :   [1m[35m (110.3ms)[0m  commit transaction
I, [2015-11-10T19:38:24.672554 #18401]  INFO -- : Migrating to AddSentimentToAsks (3)
D, [2015-11-10T19:38:24.673458 #18401] DEBUG -- :   [1m[36m (0.0ms)[0m  [1mbegin transaction[0m
D, [2015-11-10T19:38:24.673923 #18401] DEBUG -- :   [1m[35m (0.2ms)[0m  ALTER TABLE "asks" ADD "sentiment" decimal DEFAULT 0
D, [2015-11-10T19:38:24.674387 #18401] DEBUG -- :   [1m[36mSQL (0.1ms)[0m  [1mINSERT INTO "schema_migrations" ("version") VALUES (?)[0m  [["version", "3"]]
D, [2015-11-10T19:38:24.795976 #18401] DEBUG -- :   [1m[35m (121.5ms)[0m  commit transaction
D, [2015-11-10T19:44:17.884448 #19063] DEBUG -- :   [1m[36m (138.5ms)[0m  [1mCREATE TABLE "schema_migrations" ("version" varchar NOT NULL) [0m
D, [2015-11-10T19:44:17.884624 #19063] DEBUG -- :   [1m[35m (0.0ms)[0m  select sqlite_version(*)
D, [2015-11-10T19:44:18.019075 #19063] DEBUG -- :   [1m[36m (134.2ms)[0m  [1mCREATE UNIQUE INDEX "unique_schema_migrations" ON "schema_migrations" ("version")[0m
D, [2015-11-10T19:44:18.019641 #19063] DEBUG -- :   [1m[35mActiveRecord::SchemaMigration Load (0.1ms)[0m  SELECT "schema_migrations".* FROM "schema_migrations"
I, [2015-11-10T19:44:18.021862 #19063]  INFO -- : Migrating to CreateUsersTable (1)
D, [2015-11-10T19:44:18.022557 #19063] DEBUG -- :   [1m[36m (0.0ms)[0m  [1mbegin transaction[0m
D, [2015-11-10T19:44:18.023228 #19063] DEBUG -- :   [1m[35m (0.2ms)[0m  CREATE TABLE "users" ("id" INTEGER PRIMARY KEY AUTOINCREMENT NOT NULL, "username" varchar) 
D, [2015-11-10T19:44:18.026406 #19063] DEBUG -- :   [1m[36mSQL (0.1ms)[0m  [1mINSERT INTO "schema_migrations" ("version") VALUES (?)[0m  [["version", "1"]]
D, [2015-11-10T19:44:18.142855 #19063] DEBUG -- :   [1m[35m (116.3ms)[0m  commit transaction
I, [2015-11-10T19:44:18.142918 #19063]  INFO -- : Migrating to CreateAsksTable (2)
D, [2015-11-10T19:44:18.143919 #19063] DEBUG -- :   [1m[36m (0.1ms)[0m  [1mbegin transaction[0m
D, [2015-11-10T19:44:18.144374 #19063] DEBUG -- :   [1m[35m (0.2ms)[0m  CREATE TABLE "asks" ("id" INTEGER PRIMARY KEY AUTOINCREMENT NOT NULL, "text" text, "user_id" integer) 
D, [2015-11-10T19:44:18.144938 #19063] DEBUG -- :   [1m[36mSQL (0.1ms)[0m  [1mINSERT INTO "schema_migrations" ("version") VALUES (?)[0m  [["version", "2"]]
D, [2015-11-10T19:44:18.277639 #19063] DEBUG -- :   [1m[35m (132.6ms)[0m  commit transaction
I, [2015-11-10T19:44:18.277699 #19063]  INFO -- : Migrating to AddSentimentToAsks (3)
D, [2015-11-10T19:44:18.278683 #19063] DEBUG -- :   [1m[36m (0.1ms)[0m  [1mbegin transaction[0m
D, [2015-11-10T19:44:18.279190 #19063] DEBUG -- :   [1m[35m (0.2ms)[0m  ALTER TABLE "asks" ADD "sentiment" decimal DEFAULT 0
D, [2015-11-10T19:44:18.279702 #19063] DEBUG -- :   [1m[36mSQL (0.1ms)[0m  [1mINSERT INTO "schema_migrations" ("version") VALUES (?)[0m  [["version", "3"]]
D, [2015-11-10T19:44:18.412454 #19063] DEBUG -- :   [1m[35m (132.6ms)[0m  commit transaction
D, [2015-11-10T19:45:45.225820 #19280] DEBUG -- :   [1m[36m (96.6ms)[0m  [1mCREATE TABLE "schema_migrations" ("version" varchar NOT NULL) [0m
D, [2015-11-10T19:45:45.225993 #19280] DEBUG -- :   [1m[35m (0.0ms)[0m  select sqlite_version(*)
D, [2015-11-10T19:45:45.327227 #19280] DEBUG -- :   [1m[36m (101.0ms)[0m  [1mCREATE UNIQUE INDEX "unique_schema_migrations" ON "schema_migrations" ("version")[0m
D, [2015-11-10T19:45:45.327782 #19280] DEBUG -- :   [1m[35mActiveRecord::SchemaMigration Load (0.0ms)[0m  SELECT "schema_migrations".* FROM "schema_migrations"
I, [2015-11-10T19:45:45.329961 #19280]  INFO -- : Migrating to CreateUsersTable (1)
D, [2015-11-10T19:45:45.330633 #19280] DEBUG -- :   [1m[36m (0.0ms)[0m  [1mbegin transaction[0m
D, [2015-11-10T19:45:45.331311 #19280] DEBUG -- :   [1m[35m (0.2ms)[0m  CREATE TABLE "users" ("id" INTEGER PRIMARY KEY AUTOINCREMENT NOT NULL, "username" varchar) 
D, [2015-11-10T19:45:45.334323 #19280] DEBUG -- :   [1m[36mSQL (0.1ms)[0m  [1mINSERT INTO "schema_migrations" ("version") VALUES (?)[0m  [["version", "1"]]
D, [2015-11-10T19:45:45.428689 #19280] DEBUG -- :   [1m[35m (94.2ms)[0m  commit transaction
I, [2015-11-10T19:45:45.428749 #19280]  INFO -- : Migrating to CreateAsksTable (2)
D, [2015-11-10T19:45:45.429651 #19280] DEBUG -- :   [1m[36m (0.0ms)[0m  [1mbegin transaction[0m
D, [2015-11-10T19:45:45.430055 #19280] DEBUG -- :   [1m[35m (0.2ms)[0m  CREATE TABLE "asks" ("id" INTEGER PRIMARY KEY AUTOINCREMENT NOT NULL, "text" text, "user_id" integer) 
D, [2015-11-10T19:45:45.430569 #19280] DEBUG -- :   [1m[36mSQL (0.1ms)[0m  [1mINSERT INTO "schema_migrations" ("version") VALUES (?)[0m  [["version", "2"]]
D, [2015-11-10T19:45:45.541013 #19280] DEBUG -- :   [1m[35m (110.3ms)[0m  commit transaction
I, [2015-11-10T19:45:45.541070 #19280]  INFO -- : Migrating to AddSentimentToAsks (3)
D, [2015-11-10T19:45:45.541984 #19280] DEBUG -- :   [1m[36m (0.0ms)[0m  [1mbegin transaction[0m
D, [2015-11-10T19:45:45.542420 #19280] DEBUG -- :   [1m[35m (0.2ms)[0m  ALTER TABLE "asks" ADD "sentiment" decimal DEFAULT 0
D, [2015-11-10T19:45:45.542908 #19280] DEBUG -- :   [1m[36mSQL (0.1ms)[0m  [1mINSERT INTO "schema_migrations" ("version") VALUES (?)[0m  [["version", "3"]]
D, [2015-11-10T19:45:45.676498 #19280] DEBUG -- :   [1m[35m (133.5ms)[0m  commit transaction
D, [2015-11-10T19:46:40.365537 #19450] DEBUG -- :   [1m[36m (111.7ms)[0m  [1mCREATE TABLE "schema_migrations" ("version" varchar NOT NULL) [0m
D, [2015-11-10T19:46:40.365716 #19450] DEBUG -- :   [1m[35m (0.1ms)[0m  select sqlite_version(*)
D, [2015-11-10T19:46:40.467646 #19450] DEBUG -- :   [1m[36m (101.7ms)[0m  [1mCREATE UNIQUE INDEX "unique_schema_migrations" ON "schema_migrations" ("version")[0m
D, [2015-11-10T19:46:40.468171 #19450] DEBUG -- :   [1m[35mActiveRecord::SchemaMigration Load (0.0ms)[0m  SELECT "schema_migrations".* FROM "schema_migrations"
I, [2015-11-10T19:46:40.470369 #19450]  INFO -- : Migrating to CreateUsersTable (1)
D, [2015-11-10T19:46:40.471020 #19450] DEBUG -- :   [1m[36m (0.0ms)[0m  [1mbegin transaction[0m
D, [2015-11-10T19:46:40.471678 #19450] DEBUG -- :   [1m[35m (0.2ms)[0m  CREATE TABLE "users" ("id" INTEGER PRIMARY KEY AUTOINCREMENT NOT NULL, "username" varchar) 
D, [2015-11-10T19:46:40.474675 #19450] DEBUG -- :   [1m[36mSQL (0.1ms)[0m  [1mINSERT INTO "schema_migrations" ("version") VALUES (?)[0m  [["version", "1"]]
D, [2015-11-10T19:46:40.580526 #19450] DEBUG -- :   [1m[35m (105.7ms)[0m  commit transaction
I, [2015-11-10T19:46:40.580585 #19450]  INFO -- : Migrating to CreateAsksTable (2)
D, [2015-11-10T19:46:40.581528 #19450] DEBUG -- :   [1m[36m (0.0ms)[0m  [1mbegin transaction[0m
D, [2015-11-10T19:46:40.581913 #19450] DEBUG -- :   [1m[35m (0.1ms)[0m  CREATE TABLE "asks" ("id" INTEGER PRIMARY KEY AUTOINCREMENT NOT NULL, "text" text, "user_id" integer) 
D, [2015-11-10T19:46:40.582427 #19450] DEBUG -- :   [1m[36mSQL (0.1ms)[0m  [1mINSERT INTO "schema_migrations" ("version") VALUES (?)[0m  [["version", "2"]]
D, [2015-11-10T19:46:40.692810 #19450] DEBUG -- :   [1m[35m (110.3ms)[0m  commit transaction
I, [2015-11-10T19:46:40.692863 #19450]  INFO -- : Migrating to AddSentimentToAsks (3)
D, [2015-11-10T19:46:40.693751 #19450] DEBUG -- :   [1m[36m (0.0ms)[0m  [1mbegin transaction[0m
D, [2015-11-10T19:46:40.694216 #19450] DEBUG -- :   [1m[35m (0.2ms)[0m  ALTER TABLE "asks" ADD "sentiment" decimal DEFAULT 0
D, [2015-11-10T19:46:40.694709 #19450] DEBUG -- :   [1m[36mSQL (0.1ms)[0m  [1mINSERT INTO "schema_migrations" ("version") VALUES (?)[0m  [["version", "3"]]
D, [2015-11-10T19:46:40.827978 #19450] DEBUG -- :   [1m[35m (133.1ms)[0m  commit transaction
D, [2015-11-10T19:50:02.313951 #19754] DEBUG -- :   [1m[36m (138.7ms)[0m  [1mCREATE TABLE "schema_migrations" ("version" varchar NOT NULL) [0m
D, [2015-11-10T19:50:02.314130 #19754] DEBUG -- :   [1m[35m (0.0ms)[0m  select sqlite_version(*)
D, [2015-11-10T19:50:02.437558 #19754] DEBUG -- :   [1m[36m (123.2ms)[0m  [1mCREATE UNIQUE INDEX "unique_schema_migrations" ON "schema_migrations" ("version")[0m
D, [2015-11-10T19:50:02.438111 #19754] DEBUG -- :   [1m[35mActiveRecord::SchemaMigration Load (0.1ms)[0m  SELECT "schema_migrations".* FROM "schema_migrations"
I, [2015-11-10T19:50:02.440304 #19754]  INFO -- : Migrating to CreateUsersTable (1)
D, [2015-11-10T19:50:02.441045 #19754] DEBUG -- :   [1m[36m (0.0ms)[0m  [1mbegin transaction[0m
D, [2015-11-10T19:50:02.441755 #19754] DEBUG -- :   [1m[35m (0.2ms)[0m  CREATE TABLE "users" ("id" INTEGER PRIMARY KEY AUTOINCREMENT NOT NULL, "username" varchar) 
D, [2015-11-10T19:50:02.444878 #19754] DEBUG -- :   [1m[36mSQL (0.1ms)[0m  [1mINSERT INTO "schema_migrations" ("version") VALUES (?)[0m  [["version", "1"]]
D, [2015-11-10T19:50:02.596381 #19754] DEBUG -- :   [1m[35m (151.3ms)[0m  commit transaction
I, [2015-11-10T19:50:02.596442 #19754]  INFO -- : Migrating to CreateAsksTable (2)
D, [2015-11-10T19:50:02.597454 #19754] DEBUG -- :   [1m[36m (0.1ms)[0m  [1mbegin transaction[0m
D, [2015-11-10T19:50:02.597886 #19754] DEBUG -- :   [1m[35m (0.2ms)[0m  CREATE TABLE "asks" ("id" INTEGER PRIMARY KEY AUTOINCREMENT NOT NULL, "text" text, "user_id" integer) 
D, [2015-11-10T19:50:02.598441 #19754] DEBUG -- :   [1m[36mSQL (0.1ms)[0m  [1mINSERT INTO "schema_migrations" ("version") VALUES (?)[0m  [["version", "2"]]
D, [2015-11-10T19:50:02.731128 #19754] DEBUG -- :   [1m[35m (132.6ms)[0m  commit transaction
I, [2015-11-10T19:50:02.731181 #19754]  INFO -- : Migrating to AddSentimentToAsks (3)
D, [2015-11-10T19:50:02.732088 #19754] DEBUG -- :   [1m[36m (0.0ms)[0m  [1mbegin transaction[0m
D, [2015-11-10T19:50:02.732547 #19754] DEBUG -- :   [1m[35m (0.2ms)[0m  ALTER TABLE "asks" ADD "sentiment" decimal DEFAULT 0
D, [2015-11-10T19:50:02.733046 #19754] DEBUG -- :   [1m[36mSQL (0.1ms)[0m  [1mINSERT INTO "schema_migrations" ("version") VALUES (?)[0m  [["version", "3"]]
D, [2015-11-10T19:50:02.888519 #19754] DEBUG -- :   [1m[35m (155.3ms)[0m  commit transaction
D, [2015-11-10T19:50:18.506079 #19833] DEBUG -- :   [1m[36m (109.5ms)[0m  [1mCREATE TABLE "schema_migrations" ("version" varchar NOT NULL) [0m
D, [2015-11-10T19:50:18.506244 #19833] DEBUG -- :   [1m[35m (0.0ms)[0m  select sqlite_version(*)
D, [2015-11-10T19:50:18.641581 #19833] DEBUG -- :   [1m[36m (135.1ms)[0m  [1mCREATE UNIQUE INDEX "unique_schema_migrations" ON "schema_migrations" ("version")[0m
D, [2015-11-10T19:50:18.642081 #19833] DEBUG -- :   [1m[35mActiveRecord::SchemaMigration Load (0.0ms)[0m  SELECT "schema_migrations".* FROM "schema_migrations"
I, [2015-11-10T19:50:18.644175 #19833]  INFO -- : Migrating to CreateUsersTable (1)
D, [2015-11-10T19:50:18.644857 #19833] DEBUG -- :   [1m[36m (0.0ms)[0m  [1mbegin transaction[0m
D, [2015-11-10T19:50:18.645529 #19833] DEBUG -- :   [1m[35m (0.2ms)[0m  CREATE TABLE "users" ("id" INTEGER PRIMARY KEY AUTOINCREMENT NOT NULL, "username" varchar) 
D, [2015-11-10T19:50:18.648548 #19833] DEBUG -- :   [1m[36mSQL (0.1ms)[0m  [1mINSERT INTO "schema_migrations" ("version") VALUES (?)[0m  [["version", "1"]]
D, [2015-11-10T19:50:18.776382 #19833] DEBUG -- :   [1m[35m (127.7ms)[0m  commit transaction
I, [2015-11-10T19:50:18.776443 #19833]  INFO -- : Migrating to CreateAsksTable (2)
D, [2015-11-10T19:50:18.777376 #19833] DEBUG -- :   [1m[36m (0.0ms)[0m  [1mbegin transaction[0m
D, [2015-11-10T19:50:18.777788 #19833] DEBUG -- :   [1m[35m (0.2ms)[0m  CREATE TABLE "asks" ("id" INTEGER PRIMARY KEY AUTOINCREMENT NOT NULL, "text" text, "user_id" integer) 
D, [2015-11-10T19:50:18.778302 #19833] DEBUG -- :   [1m[36mSQL (0.1ms)[0m  [1mINSERT INTO "schema_migrations" ("version") VALUES (?)[0m  [["version", "2"]]
D, [2015-11-10T19:50:18.888898 #19833] DEBUG -- :   [1m[35m (110.5ms)[0m  commit transaction
I, [2015-11-10T19:50:18.888953 #19833]  INFO -- : Migrating to AddSentimentToAsks (3)
D, [2015-11-10T19:50:18.889847 #19833] DEBUG -- :   [1m[36m (0.0ms)[0m  [1mbegin transaction[0m
D, [2015-11-10T19:50:18.890336 #19833] DEBUG -- :   [1m[35m (0.2ms)[0m  ALTER TABLE "asks" ADD "sentiment" decimal DEFAULT 0
D, [2015-11-10T19:50:18.890826 #19833] DEBUG -- :   [1m[36mSQL (0.1ms)[0m  [1mINSERT INTO "schema_migrations" ("version") VALUES (?)[0m  [["version", "3"]]
D, [2015-11-10T19:50:19.023781 #19833] DEBUG -- :   [1m[35m (132.8ms)[0m  commit transaction
D, [2015-11-10T19:50:58.715202 #19948] DEBUG -- :   [1m[36m (127.6ms)[0m  [1mCREATE TABLE "schema_migrations" ("version" varchar NOT NULL) [0m
D, [2015-11-10T19:50:58.715372 #19948] DEBUG -- :   [1m[35m (0.0ms)[0m  select sqlite_version(*)
D, [2015-11-10T19:50:58.816450 #19948] DEBUG -- :   [1m[36m (100.8ms)[0m  [1mCREATE UNIQUE INDEX "unique_schema_migrations" ON "schema_migrations" ("version")[0m
D, [2015-11-10T19:50:58.816983 #19948] DEBUG -- :   [1m[35mActiveRecord::SchemaMigration Load (0.0ms)[0m  SELECT "schema_migrations".* FROM "schema_migrations"
I, [2015-11-10T19:50:58.819157 #19948]  INFO -- : Migrating to CreateUsersTable (1)
D, [2015-11-10T19:50:58.819860 #19948] DEBUG -- :   [1m[36m (0.0ms)[0m  [1mbegin transaction[0m
D, [2015-11-10T19:50:58.820577 #19948] DEBUG -- :   [1m[35m (0.2ms)[0m  CREATE TABLE "users" ("id" INTEGER PRIMARY KEY AUTOINCREMENT NOT NULL, "username" varchar) 
D, [2015-11-10T19:50:58.823717 #19948] DEBUG -- :   [1m[36mSQL (0.1ms)[0m  [1mINSERT INTO "schema_migrations" ("version") VALUES (?)[0m  [["version", "1"]]
D, [2015-11-10T19:50:58.951375 #19948] DEBUG -- :   [1m[35m (127.5ms)[0m  commit transaction
I, [2015-11-10T19:50:58.951431 #19948]  INFO -- : Migrating to CreateAsksTable (2)
D, [2015-11-10T19:50:58.952361 #19948] DEBUG -- :   [1m[36m (0.1ms)[0m  [1mbegin transaction[0m
D, [2015-11-10T19:50:58.952748 #19948] DEBUG -- :   [1m[35m (0.2ms)[0m  CREATE TABLE "asks" ("id" INTEGER PRIMARY KEY AUTOINCREMENT NOT NULL, "text" text, "user_id" integer) 
D, [2015-11-10T19:50:58.953249 #19948] DEBUG -- :   [1m[36mSQL (0.1ms)[0m  [1mINSERT INTO "schema_migrations" ("version") VALUES (?)[0m  [["version", "2"]]
D, [2015-11-10T19:50:59.086938 #19948] DEBUG -- :   [1m[35m (133.6ms)[0m  commit transaction
I, [2015-11-10T19:50:59.086996 #19948]  INFO -- : Migrating to AddSentimentToAsks (3)
D, [2015-11-10T19:50:59.087981 #19948] DEBUG -- :   [1m[36m (0.1ms)[0m  [1mbegin transaction[0m
D, [2015-11-10T19:50:59.088465 #19948] DEBUG -- :   [1m[35m (0.2ms)[0m  ALTER TABLE "asks" ADD "sentiment" decimal DEFAULT 0
D, [2015-11-10T19:50:59.088975 #19948] DEBUG -- :   [1m[36mSQL (0.1ms)[0m  [1mINSERT INTO "schema_migrations" ("version") VALUES (?)[0m  [["version", "3"]]
D, [2015-11-10T19:50:59.221790 #19948] DEBUG -- :   [1m[35m (132.7ms)[0m  commit transaction
D, [2015-11-10T19:53:41.794121 #20129] DEBUG -- :   [1m[36m (110.2ms)[0m  [1mCREATE TABLE "schema_migrations" ("version" varchar NOT NULL) [0m
D, [2015-11-10T19:53:41.794318 #20129] DEBUG -- :   [1m[35m (0.1ms)[0m  select sqlite_version(*)
D, [2015-11-10T19:53:41.895360 #20129] DEBUG -- :   [1m[36m (100.8ms)[0m  [1mCREATE UNIQUE INDEX "unique_schema_migrations" ON "schema_migrations" ("version")[0m
D, [2015-11-10T19:53:41.895860 #20129] DEBUG -- :   [1m[35mActiveRecord::SchemaMigration Load (0.0ms)[0m  SELECT "schema_migrations".* FROM "schema_migrations"
I, [2015-11-10T19:53:41.897945 #20129]  INFO -- : Migrating to CreateUsersTable (1)
D, [2015-11-10T19:53:41.898590 #20129] DEBUG -- :   [1m[36m (0.0ms)[0m  [1mbegin transaction[0m
D, [2015-11-10T19:53:41.899249 #20129] DEBUG -- :   [1m[35m (0.2ms)[0m  CREATE TABLE "users" ("id" INTEGER PRIMARY KEY AUTOINCREMENT NOT NULL, "username" varchar) 
D, [2015-11-10T19:53:41.902165 #20129] DEBUG -- :   [1m[36mSQL (0.1ms)[0m  [1mINSERT INTO "schema_migrations" ("version") VALUES (?)[0m  [["version", "1"]]
D, [2015-11-10T19:53:42.041727 #20129] DEBUG -- :   [1m[35m (139.4ms)[0m  commit transaction
I, [2015-11-10T19:53:42.041789 #20129]  INFO -- : Migrating to CreateAsksTable (2)
D, [2015-11-10T19:53:42.042787 #20129] DEBUG -- :   [1m[36m (0.1ms)[0m  [1mbegin transaction[0m
D, [2015-11-10T19:53:42.043231 #20129] DEBUG -- :   [1m[35m (0.2ms)[0m  CREATE TABLE "asks" ("id" INTEGER PRIMARY KEY AUTOINCREMENT NOT NULL, "text" text, "user_id" integer) 
D, [2015-11-10T19:53:42.043765 #20129] DEBUG -- :   [1m[36mSQL (0.1ms)[0m  [1mINSERT INTO "schema_migrations" ("version") VALUES (?)[0m  [["version", "2"]]
D, [2015-11-10T19:53:42.176461 #20129] DEBUG -- :   [1m[35m (132.6ms)[0m  commit transaction
I, [2015-11-10T19:53:42.176521 #20129]  INFO -- : Migrating to AddSentimentToAsks (3)
D, [2015-11-10T19:53:42.177510 #20129] DEBUG -- :   [1m[36m (0.1ms)[0m  [1mbegin transaction[0m
D, [2015-11-10T19:53:42.178053 #20129] DEBUG -- :   [1m[35m (0.2ms)[0m  ALTER TABLE "asks" ADD "sentiment" decimal DEFAULT 0
D, [2015-11-10T19:53:42.178609 #20129] DEBUG -- :   [1m[36mSQL (0.1ms)[0m  [1mINSERT INTO "schema_migrations" ("version") VALUES (?)[0m  [["version", "3"]]
D, [2015-11-10T19:53:42.323492 #20129] DEBUG -- :   [1m[35m (144.7ms)[0m  commit transaction
D, [2015-11-10T19:54:47.496098 #20184] DEBUG -- :   [1m[36mActiveRecord::SchemaMigration Load (0.0ms)[0m  [1mSELECT "schema_migrations".* FROM "schema_migrations"[0m
D, [2015-11-10T19:55:03.636794 #20275] DEBUG -- :   [1m[36m (116.0ms)[0m  [1mCREATE TABLE "schema_migrations" ("version" varchar NOT NULL) [0m
D, [2015-11-10T19:55:03.636977 #20275] DEBUG -- :   [1m[35m (0.1ms)[0m  select sqlite_version(*)
D, [2015-11-10T19:55:03.738121 #20275] DEBUG -- :   [1m[36m (100.9ms)[0m  [1mCREATE UNIQUE INDEX "unique_schema_migrations" ON "schema_migrations" ("version")[0m
D, [2015-11-10T19:55:03.738638 #20275] DEBUG -- :   [1m[35mActiveRecord::SchemaMigration Load (0.1ms)[0m  SELECT "schema_migrations".* FROM "schema_migrations"
I, [2015-11-10T19:55:03.740796 #20275]  INFO -- : Migrating to CreateUsersTable (1)
D, [2015-11-10T19:55:03.741533 #20275] DEBUG -- :   [1m[36m (0.0ms)[0m  [1mbegin transaction[0m
D, [2015-11-10T19:55:03.742186 #20275] DEBUG -- :   [1m[35m (0.2ms)[0m  CREATE TABLE "users" ("id" INTEGER PRIMARY KEY AUTOINCREMENT NOT NULL, "username" varchar) 
D, [2015-11-10T19:55:03.745303 #20275] DEBUG -- :   [1m[36mSQL (0.1ms)[0m  [1mINSERT INTO "schema_migrations" ("version") VALUES (?)[0m  [["version", "1"]]
D, [2015-11-10T19:55:03.895427 #20275] DEBUG -- :   [1m[35m (150.0ms)[0m  commit transaction
I, [2015-11-10T19:55:03.895487 #20275]  INFO -- : Migrating to CreateAsksTable (2)
D, [2015-11-10T19:55:03.896460 #20275] DEBUG -- :   [1m[36m (0.1ms)[0m  [1mbegin transaction[0m
D, [2015-11-10T19:55:03.896896 #20275] DEBUG -- :   [1m[35m (0.2ms)[0m  CREATE TABLE "asks" ("id" INTEGER PRIMARY KEY AUTOINCREMENT NOT NULL, "text" text, "user_id" integer) 
D, [2015-11-10T19:55:03.897445 #20275] DEBUG -- :   [1m[36mSQL (0.1ms)[0m  [1mINSERT INTO "schema_migrations" ("version") VALUES (?)[0m  [["version", "2"]]
D, [2015-11-10T19:55:04.030017 #20275] DEBUG -- :   [1m[35m (132.4ms)[0m  commit transaction
I, [2015-11-10T19:55:04.030072 #20275]  INFO -- : Migrating to AddSentimentToAsks (3)
D, [2015-11-10T19:55:04.030984 #20275] DEBUG -- :   [1m[36m (0.0ms)[0m  [1mbegin transaction[0m
D, [2015-11-10T19:55:04.031443 #20275] DEBUG -- :   [1m[35m (0.2ms)[0m  ALTER TABLE "asks" ADD "sentiment" decimal DEFAULT 0
D, [2015-11-10T19:55:04.031924 #20275] DEBUG -- :   [1m[36mSQL (0.1ms)[0m  [1mINSERT INTO "schema_migrations" ("version") VALUES (?)[0m  [["version", "3"]]
D, [2015-11-10T19:55:04.142472 #20275] DEBUG -- :   [1m[35m (110.4ms)[0m  commit transaction
